<?xml version="1.0" encoding="UTF-8"?>
<!-- Generated by org.testng.reporters.JUnitXMLReporter -->
<testsuite ignored="0" hostname="FVRG2X2" failures="0" tests="3" name="Default test" time="1.618" errors="0" timestamp="2024-04-10T20:24:53 CEST">
  <testcase classname="TestNGExercise10.Exercise10Test" name="logInWithInCorrectCredentialsTest" time="0.355"/>
  <testcase classname="TestNGExercise10.Exercise10Test" name="logInWithInCorrectCredentialsTest" time="0.377"/>
  <testcase classname="TestNGExercise10.Exercise10Test" name="logInWithInCorrectCredentialsTest" time="0.385"/>
</testsuite> <!-- Default test -->
